mode: set
github.com/Kyouheip/MathOvercome_serverless/cmd/cli/cmd/mypage.go:14.54,15.20 1 0
github.com/Kyouheip/MathOvercome_serverless/cmd/cli/cmd/mypage.go:15.20,17.4 1 0
github.com/Kyouheip/MathOvercome_serverless/cmd/cli/cmd/mypage.go:18.3,26.17 4 0
github.com/Kyouheip/MathOvercome_serverless/cmd/cli/cmd/mypage.go:26.17,28.4 1 0
github.com/Kyouheip/MathOvercome_serverless/cmd/cli/cmd/mypage.go:30.3,33.42 3 0
github.com/Kyouheip/MathOvercome_serverless/cmd/cli/cmd/mypage.go:33.42,36.36 3 0
github.com/Kyouheip/MathOvercome_serverless/cmd/cli/cmd/mypage.go:36.36,38.5 1 0
github.com/Kyouheip/MathOvercome_serverless/cmd/cli/cmd/mypage.go:39.4,39.17 1 0
github.com/Kyouheip/MathOvercome_serverless/cmd/cli/cmd/mypage.go:42.3,42.13 1 0
github.com/Kyouheip/MathOvercome_serverless/cmd/cli/cmd/mypage.go:46.13,49.2 2 0
github.com/Kyouheip/MathOvercome_serverless/cmd/cli/cmd/root.go:26.67,28.3 1 0
github.com/Kyouheip/MathOvercome_serverless/cmd/cli/cmd/root.go:31.16,32.42 1 0
github.com/Kyouheip/MathOvercome_serverless/cmd/cli/cmd/root.go:32.42,35.3 2 0
github.com/Kyouheip/MathOvercome_serverless/cmd/cli/cmd/root.go:38.13,40.2 1 0
github.com/Kyouheip/MathOvercome_serverless/cmd/cli/cmd/root.go:42.28,44.18 2 0
github.com/Kyouheip/MathOvercome_serverless/cmd/cli/cmd/root.go:44.18,46.3 1 0
github.com/Kyouheip/MathOvercome_serverless/cmd/cli/cmd/root.go:48.2,49.16 2 0
github.com/Kyouheip/MathOvercome_serverless/cmd/cli/cmd/root.go:49.16,51.3 1 0
github.com/Kyouheip/MathOvercome_serverless/cmd/cli/cmd/root.go:53.2,54.64 2 0
github.com/Kyouheip/MathOvercome_serverless/cmd/cli/cmd/root.go:54.64,55.49 1 0
github.com/Kyouheip/MathOvercome_serverless/cmd/cli/cmd/root.go:55.49,57.4 1 0
github.com/Kyouheip/MathOvercome_serverless/cmd/cli/cmd/root.go:59.2,65.12 5 0
github.com/Kyouheip/MathOvercome_serverless/cmd/cli/cmd/session.go:21.54,22.20 1 0
github.com/Kyouheip/MathOvercome_serverless/cmd/cli/cmd/session.go:22.20,24.4 1 0
github.com/Kyouheip/MathOvercome_serverless/cmd/cli/cmd/session.go:25.3,28.17 3 0
github.com/Kyouheip/MathOvercome_serverless/cmd/cli/cmd/session.go:28.17,30.4 1 0
github.com/Kyouheip/MathOvercome_serverless/cmd/cli/cmd/session.go:32.3,34.13 3 0
github.com/Kyouheip/MathOvercome_serverless/cmd/cli/cmd/session.go:42.54,43.20 1 0
github.com/Kyouheip/MathOvercome_serverless/cmd/cli/cmd/session.go:43.20,45.4 1 0
github.com/Kyouheip/MathOvercome_serverless/cmd/cli/cmd/session.go:46.3,47.17 2 0
github.com/Kyouheip/MathOvercome_serverless/cmd/cli/cmd/session.go:47.17,49.4 1 0
github.com/Kyouheip/MathOvercome_serverless/cmd/cli/cmd/session.go:50.3,53.17 3 0
github.com/Kyouheip/MathOvercome_serverless/cmd/cli/cmd/session.go:53.17,55.4 1 0
github.com/Kyouheip/MathOvercome_serverless/cmd/cli/cmd/session.go:57.3,59.31 3 0
github.com/Kyouheip/MathOvercome_serverless/cmd/cli/cmd/session.go:59.31,61.4 1 0
github.com/Kyouheip/MathOvercome_serverless/cmd/cli/cmd/session.go:62.3,62.19 1 0
github.com/Kyouheip/MathOvercome_serverless/cmd/cli/cmd/session.go:62.19,64.4 1 0
github.com/Kyouheip/MathOvercome_serverless/cmd/cli/cmd/session.go:65.3,65.26 1 0
github.com/Kyouheip/MathOvercome_serverless/cmd/cli/cmd/session.go:65.26,67.4 1 0
github.com/Kyouheip/MathOvercome_serverless/cmd/cli/cmd/session.go:68.3,68.13 1 0
github.com/Kyouheip/MathOvercome_serverless/cmd/cli/cmd/session.go:76.54,77.20 1 0
github.com/Kyouheip/MathOvercome_serverless/cmd/cli/cmd/session.go:77.20,79.4 1 0
github.com/Kyouheip/MathOvercome_serverless/cmd/cli/cmd/session.go:80.3,81.17 2 0
github.com/Kyouheip/MathOvercome_serverless/cmd/cli/cmd/session.go:81.17,83.4 1 0
github.com/Kyouheip/MathOvercome_serverless/cmd/cli/cmd/session.go:84.3,87.86 3 0
github.com/Kyouheip/MathOvercome_serverless/cmd/cli/cmd/session.go:87.86,89.4 1 0
github.com/Kyouheip/MathOvercome_serverless/cmd/cli/cmd/session.go:91.3,92.13 2 0
github.com/Kyouheip/MathOvercome_serverless/cmd/cli/cmd/session.go:99.54,100.20 1 0
github.com/Kyouheip/MathOvercome_serverless/cmd/cli/cmd/session.go:100.20,102.4 1 0
github.com/Kyouheip/MathOvercome_serverless/cmd/cli/cmd/session.go:103.3,107.25 3 0
github.com/Kyouheip/MathOvercome_serverless/cmd/cli/cmd/session.go:107.25,109.18 2 0
github.com/Kyouheip/MathOvercome_serverless/cmd/cli/cmd/session.go:109.18,111.10 2 0
github.com/Kyouheip/MathOvercome_serverless/cmd/cli/cmd/session.go:114.4,116.32 3 0
github.com/Kyouheip/MathOvercome_serverless/cmd/cli/cmd/session.go:116.32,118.5 1 0
github.com/Kyouheip/MathOvercome_serverless/cmd/cli/cmd/session.go:119.4,119.20 1 0
github.com/Kyouheip/MathOvercome_serverless/cmd/cli/cmd/session.go:119.20,121.5 1 0
github.com/Kyouheip/MathOvercome_serverless/cmd/cli/cmd/session.go:123.4,124.23 2 0
github.com/Kyouheip/MathOvercome_serverless/cmd/cli/cmd/session.go:124.23,125.10 1 0
github.com/Kyouheip/MathOvercome_serverless/cmd/cli/cmd/session.go:127.4,128.35 2 0
github.com/Kyouheip/MathOvercome_serverless/cmd/cli/cmd/session.go:128.35,130.13 2 0
github.com/Kyouheip/MathOvercome_serverless/cmd/cli/cmd/session.go:133.4,134.18 2 0
github.com/Kyouheip/MathOvercome_serverless/cmd/cli/cmd/session.go:134.18,136.13 2 0
github.com/Kyouheip/MathOvercome_serverless/cmd/cli/cmd/session.go:139.4,139.87 1 0
github.com/Kyouheip/MathOvercome_serverless/cmd/cli/cmd/session.go:139.87,141.13 2 0
github.com/Kyouheip/MathOvercome_serverless/cmd/cli/cmd/session.go:143.4,143.37 1 0
github.com/Kyouheip/MathOvercome_serverless/cmd/cli/cmd/session.go:146.3,146.13 1 0
github.com/Kyouheip/MathOvercome_serverless/cmd/cli/cmd/session.go:150.13,166.2 11 0
github.com/Kyouheip/MathOvercome_serverless/cmd/cli/main.go:5.13,7.2 1 0
github.com/Kyouheip/MathOvercome_serverless/cmd/lambda/main.go:20.13,22.18 2 0
github.com/Kyouheip/MathOvercome_serverless/cmd/lambda/main.go:22.18,24.3 1 0
github.com/Kyouheip/MathOvercome_serverless/cmd/lambda/main.go:26.2,27.16 2 0
github.com/Kyouheip/MathOvercome_serverless/cmd/lambda/main.go:27.16,29.3 1 0
github.com/Kyouheip/MathOvercome_serverless/cmd/lambda/main.go:31.2,34.33 3 0
github.com/Kyouheip/MathOvercome_serverless/cmd/lambda/main.go:37.112,39.2 1 0
github.com/Kyouheip/MathOvercome_serverless/cmd/lambda/main.go:41.13,43.2 1 0
github.com/Kyouheip/MathOvercome_serverless/cmd/local/main.go:15.13,17.18 2 0
github.com/Kyouheip/MathOvercome_serverless/cmd/local/main.go:17.18,19.3 1 0
github.com/Kyouheip/MathOvercome_serverless/cmd/local/main.go:21.2,22.16 2 0
github.com/Kyouheip/MathOvercome_serverless/cmd/local/main.go:22.16,24.3 1 0
github.com/Kyouheip/MathOvercome_serverless/cmd/local/main.go:26.2,27.64 2 0
github.com/Kyouheip/MathOvercome_serverless/cmd/local/main.go:27.64,28.49 1 0
github.com/Kyouheip/MathOvercome_serverless/cmd/local/main.go:28.49,30.4 1 0
github.com/Kyouheip/MathOvercome_serverless/cmd/local/main.go:32.2,37.16 4 0
github.com/Kyouheip/MathOvercome_serverless/cmd/local/main.go:37.16,39.3 1 0
github.com/Kyouheip/MathOvercome_serverless/cmd/local/main.go:40.2,41.19 2 0
github.com/Kyouheip/MathOvercome_serverless/cmd/mcp/main.go:21.13,23.18 2 0
github.com/Kyouheip/MathOvercome_serverless/cmd/mcp/main.go:23.18,25.3 1 0
github.com/Kyouheip/MathOvercome_serverless/cmd/mcp/main.go:27.2,28.16 2 0
github.com/Kyouheip/MathOvercome_serverless/cmd/mcp/main.go:28.16,30.3 1 0
github.com/Kyouheip/MathOvercome_serverless/cmd/mcp/main.go:32.2,33.64 2 0
github.com/Kyouheip/MathOvercome_serverless/cmd/mcp/main.go:33.64,34.49 1 0
github.com/Kyouheip/MathOvercome_serverless/cmd/mcp/main.go:34.49,36.4 1 0
github.com/Kyouheip/MathOvercome_serverless/cmd/mcp/main.go:38.2,53.83 6 0
github.com/Kyouheip/MathOvercome_serverless/cmd/mcp/main.go:53.83,58.18 4 0
github.com/Kyouheip/MathOvercome_serverless/cmd/mcp/main.go:58.18,60.5 1 0
github.com/Kyouheip/MathOvercome_serverless/cmd/mcp/main.go:62.4,65.11 1 0
github.com/Kyouheip/MathOvercome_serverless/cmd/mcp/main.go:70.2,77.83 1 0
github.com/Kyouheip/MathOvercome_serverless/cmd/mcp/main.go:77.83,81.18 4 0
github.com/Kyouheip/MathOvercome_serverless/cmd/mcp/main.go:81.18,83.5 1 0
github.com/Kyouheip/MathOvercome_serverless/cmd/mcp/main.go:84.4,87.18 3 0
github.com/Kyouheip/MathOvercome_serverless/cmd/mcp/main.go:87.18,89.5 1 0
github.com/Kyouheip/MathOvercome_serverless/cmd/mcp/main.go:91.4,92.32 2 0
github.com/Kyouheip/MathOvercome_serverless/cmd/mcp/main.go:92.32,94.5 1 0
github.com/Kyouheip/MathOvercome_serverless/cmd/mcp/main.go:95.4,95.20 1 0
github.com/Kyouheip/MathOvercome_serverless/cmd/mcp/main.go:95.20,97.5 1 0
github.com/Kyouheip/MathOvercome_serverless/cmd/mcp/main.go:99.4,99.45 1 0
github.com/Kyouheip/MathOvercome_serverless/cmd/mcp/main.go:104.2,112.83 1 0
github.com/Kyouheip/MathOvercome_serverless/cmd/mcp/main.go:112.83,116.18 4 0
github.com/Kyouheip/MathOvercome_serverless/cmd/mcp/main.go:116.18,118.5 1 0
github.com/Kyouheip/MathOvercome_serverless/cmd/mcp/main.go:119.4,122.18 4 0
github.com/Kyouheip/MathOvercome_serverless/cmd/mcp/main.go:122.18,124.5 1 0
github.com/Kyouheip/MathOvercome_serverless/cmd/mcp/main.go:126.4,126.87 1 0
github.com/Kyouheip/MathOvercome_serverless/cmd/mcp/main.go:126.87,128.5 1 0
github.com/Kyouheip/MathOvercome_serverless/cmd/mcp/main.go:130.4,130.68 1 0
github.com/Kyouheip/MathOvercome_serverless/cmd/mcp/main.go:135.2,141.83 1 0
github.com/Kyouheip/MathOvercome_serverless/cmd/mcp/main.go:141.83,147.18 5 0
github.com/Kyouheip/MathOvercome_serverless/cmd/mcp/main.go:147.18,149.5 1 0
github.com/Kyouheip/MathOvercome_serverless/cmd/mcp/main.go:151.4,152.43 2 0
github.com/Kyouheip/MathOvercome_serverless/cmd/mcp/main.go:152.43,155.37 2 0
github.com/Kyouheip/MathOvercome_serverless/cmd/mcp/main.go:155.37,157.6 1 0
github.com/Kyouheip/MathOvercome_serverless/cmd/mcp/main.go:158.5,158.19 1 0
github.com/Kyouheip/MathOvercome_serverless/cmd/mcp/main.go:161.4,161.45 1 0
github.com/Kyouheip/MathOvercome_serverless/cmd/mcp/main.go:165.2,165.45 1 0
github.com/Kyouheip/MathOvercome_serverless/cmd/mcp/main.go:165.45,167.3 1 0
github.com/Kyouheip/MathOvercome_serverless/internal/service/mypage.go:17.63,19.2 1 1
github.com/Kyouheip/MathOvercome_serverless/internal/service/mypage.go:21.74,23.16 2 1
github.com/Kyouheip/MathOvercome_serverless/internal/service/mypage.go:23.16,25.3 1 1
github.com/Kyouheip/MathOvercome_serverless/internal/service/mypage.go:27.2,36.27 7 1
github.com/Kyouheip/MathOvercome_serverless/internal/service/mypage.go:36.27,37.54 1 1
github.com/Kyouheip/MathOvercome_serverless/internal/service/mypage.go:37.54,45.4 4 1
github.com/Kyouheip/MathOvercome_serverless/internal/service/mypage.go:47.3,56.49 3 1
github.com/Kyouheip/MathOvercome_serverless/internal/service/mypage.go:56.49,59.4 2 1
github.com/Kyouheip/MathOvercome_serverless/internal/service/mypage.go:60.3,61.20 2 1
github.com/Kyouheip/MathOvercome_serverless/internal/service/mypage.go:61.20,63.4 1 1
github.com/Kyouheip/MathOvercome_serverless/internal/service/mypage.go:66.2,67.32 2 1
github.com/Kyouheip/MathOvercome_serverless/internal/service/mypage.go:67.32,72.43 4 1
github.com/Kyouheip/MathOvercome_serverless/internal/service/mypage.go:72.43,73.20 1 1
github.com/Kyouheip/MathOvercome_serverless/internal/service/mypage.go:73.20,75.5 1 1
github.com/Kyouheip/MathOvercome_serverless/internal/service/mypage.go:77.3,80.37 3 1
github.com/Kyouheip/MathOvercome_serverless/internal/service/mypage.go:80.37,87.4 2 1
github.com/Kyouheip/MathOvercome_serverless/internal/service/mypage.go:89.3,94.37 3 1
github.com/Kyouheip/MathOvercome_serverless/internal/service/mypage.go:94.37,96.21 2 1
github.com/Kyouheip/MathOvercome_serverless/internal/service/mypage.go:96.21,97.13 1 0
github.com/Kyouheip/MathOvercome_serverless/internal/service/mypage.go:99.4,100.18 2 1
github.com/Kyouheip/MathOvercome_serverless/internal/service/mypage.go:100.18,102.5 1 1
github.com/Kyouheip/MathOvercome_serverless/internal/service/mypage.go:104.3,104.41 1 1
github.com/Kyouheip/MathOvercome_serverless/internal/service/mypage.go:104.41,106.4 1 0
github.com/Kyouheip/MathOvercome_serverless/internal/service/mypage.go:107.3,107.44 1 1
github.com/Kyouheip/MathOvercome_serverless/internal/service/mypage.go:107.44,109.4 1 1
github.com/Kyouheip/MathOvercome_serverless/internal/service/mypage.go:111.3,111.47 1 1
github.com/Kyouheip/MathOvercome_serverless/internal/service/mypage.go:114.2,114.48 1 1
github.com/Kyouheip/MathOvercome_serverless/internal/service/mypage.go:114.48,116.3 1 1
github.com/Kyouheip/MathOvercome_serverless/internal/service/mypage.go:118.2,121.8 1 1
github.com/Kyouheip/MathOvercome_serverless/internal/service/testsession.go:16.78,18.2 1 1
github.com/Kyouheip/MathOvercome_serverless/internal/service/testsession.go:20.111,26.57 2 1
github.com/Kyouheip/MathOvercome_serverless/internal/service/testsession.go:26.57,28.3 1 1
github.com/Kyouheip/MathOvercome_serverless/internal/service/testsession.go:30.2,31.21 2 1
github.com/Kyouheip/MathOvercome_serverless/internal/service/testsession.go:31.21,33.3 1 1
github.com/Kyouheip/MathOvercome_serverless/internal/service/testsession.go:34.2,35.36 2 1
github.com/Kyouheip/MathOvercome_serverless/internal/service/testsession.go:35.36,37.3 1 1
github.com/Kyouheip/MathOvercome_serverless/internal/service/testsession.go:39.2,40.16 2 1
github.com/Kyouheip/MathOvercome_serverless/internal/service/testsession.go:40.16,42.3 1 1
github.com/Kyouheip/MathOvercome_serverless/internal/service/testsession.go:44.2,45.29 2 1
github.com/Kyouheip/MathOvercome_serverless/internal/service/testsession.go:45.29,50.3 1 1
github.com/Kyouheip/MathOvercome_serverless/internal/service/testsession.go:52.2,52.62 1 1
github.com/Kyouheip/MathOvercome_serverless/internal/service/testsession.go:52.62,54.3 1 1
github.com/Kyouheip/MathOvercome_serverless/internal/service/testsession.go:56.2,57.22 2 1
github.com/Kyouheip/MathOvercome_serverless/internal/service/testsession.go:60.113,62.16 2 0
github.com/Kyouheip/MathOvercome_serverless/internal/service/testsession.go:62.16,64.3 1 0
github.com/Kyouheip/MathOvercome_serverless/internal/service/testsession.go:65.2,65.28 1 0
github.com/Kyouheip/MathOvercome_serverless/internal/service/testsession.go:65.28,67.3 1 0
github.com/Kyouheip/MathOvercome_serverless/internal/service/testsession.go:69.2,70.16 2 0
github.com/Kyouheip/MathOvercome_serverless/internal/service/testsession.go:70.16,72.3 1 0
github.com/Kyouheip/MathOvercome_serverless/internal/service/testsession.go:73.2,73.34 1 0
github.com/Kyouheip/MathOvercome_serverless/internal/service/testsession.go:73.34,75.3 1 0
github.com/Kyouheip/MathOvercome_serverless/internal/service/testsession.go:77.2,78.16 2 0
github.com/Kyouheip/MathOvercome_serverless/internal/service/testsession.go:78.16,80.3 1 0
github.com/Kyouheip/MathOvercome_serverless/internal/service/testsession.go:82.2,83.39 2 0
github.com/Kyouheip/MathOvercome_serverless/internal/service/testsession.go:83.39,88.3 1 0
github.com/Kyouheip/MathOvercome_serverless/internal/service/testsession.go:90.2,91.32 2 0
github.com/Kyouheip/MathOvercome_serverless/internal/service/testsession.go:91.32,94.3 2 0
github.com/Kyouheip/MathOvercome_serverless/internal/service/testsession.go:96.2,103.8 1 0
github.com/Kyouheip/MathOvercome_serverless/internal/service/testsession.go:106.109,107.21 1 0
github.com/Kyouheip/MathOvercome_serverless/internal/service/testsession.go:107.21,109.3 1 0
github.com/Kyouheip/MathOvercome_serverless/internal/service/testsession.go:111.2,112.16 2 0
github.com/Kyouheip/MathOvercome_serverless/internal/service/testsession.go:112.16,114.3 1 0
github.com/Kyouheip/MathOvercome_serverless/internal/service/testsession.go:115.2,115.28 1 0
github.com/Kyouheip/MathOvercome_serverless/internal/service/testsession.go:115.28,117.3 1 0
github.com/Kyouheip/MathOvercome_serverless/internal/service/testsession.go:119.2,120.16 2 0
github.com/Kyouheip/MathOvercome_serverless/internal/service/testsession.go:120.16,122.3 1 0
github.com/Kyouheip/MathOvercome_serverless/internal/service/testsession.go:123.2,123.32 1 0
github.com/Kyouheip/MathOvercome_serverless/internal/service/testsession.go:123.32,125.3 1 0
github.com/Kyouheip/MathOvercome_serverless/internal/service/testsession.go:127.2,129.16 3 0
github.com/Kyouheip/MathOvercome_serverless/internal/service/testsession.go:129.16,131.3 1 0
github.com/Kyouheip/MathOvercome_serverless/internal/service/testsession.go:133.2,135.39 3 0
github.com/Kyouheip/MathOvercome_serverless/internal/middleware/local_auth.go:15.44,16.30 1 0
github.com/Kyouheip/MathOvercome_serverless/internal/middleware/local_auth.go:16.30,18.48 2 0
github.com/Kyouheip/MathOvercome_serverless/internal/middleware/local_auth.go:18.48,21.4 2 0
github.com/Kyouheip/MathOvercome_serverless/internal/middleware/local_auth.go:23.3,24.22 2 0
github.com/Kyouheip/MathOvercome_serverless/internal/middleware/local_auth.go:24.22,27.4 2 0
github.com/Kyouheip/MathOvercome_serverless/internal/middleware/local_auth.go:29.3,30.17 2 0
github.com/Kyouheip/MathOvercome_serverless/internal/middleware/local_auth.go:30.17,33.4 2 0
github.com/Kyouheip/MathOvercome_serverless/internal/middleware/local_auth.go:35.3,36.58 2 0
github.com/Kyouheip/MathOvercome_serverless/internal/middleware/local_auth.go:36.58,39.4 2 0
github.com/Kyouheip/MathOvercome_serverless/internal/middleware/local_auth.go:41.3,41.44 1 0
github.com/Kyouheip/MathOvercome_serverless/internal/middleware/local_auth.go:41.44,43.4 1 0
github.com/Kyouheip/MathOvercome_serverless/internal/middleware/local_auth.go:44.3,44.46 1 0
github.com/Kyouheip/MathOvercome_serverless/internal/middleware/local_auth.go:44.46,46.4 1 0
github.com/Kyouheip/MathOvercome_serverless/internal/middleware/local_auth.go:48.3,48.11 1 0
github.com/Kyouheip/MathOvercome_serverless/internal/router/router.go:18.47,26.37 6 0
github.com/Kyouheip/MathOvercome_serverless/internal/router/router.go:26.37,36.3 3 0
github.com/Kyouheip/MathOvercome_serverless/internal/router/router.go:40.2,41.2 2 0
github.com/Kyouheip/MathOvercome_serverless/internal/router/router.go:41.2,46.3 4 0
github.com/Kyouheip/MathOvercome_serverless/internal/router/router.go:48.2,48.10 1 0
github.com/Kyouheip/MathOvercome_serverless/internal/repository/choice.go:24.104,32.16 2 0
github.com/Kyouheip/MathOvercome_serverless/internal/repository/choice.go:32.16,34.3 1 0
github.com/Kyouheip/MathOvercome_serverless/internal/repository/choice.go:35.2,35.21 1 0
github.com/Kyouheip/MathOvercome_serverless/internal/repository/choice.go:35.21,37.3 1 0
github.com/Kyouheip/MathOvercome_serverless/internal/repository/choice.go:39.2,40.67 2 0
github.com/Kyouheip/MathOvercome_serverless/internal/repository/choice.go:40.67,42.3 1 0
github.com/Kyouheip/MathOvercome_serverless/internal/repository/choice.go:43.2,48.8 1 0
github.com/Kyouheip/MathOvercome_serverless/internal/repository/mypage.go:29.89,40.16 2 0
github.com/Kyouheip/MathOvercome_serverless/internal/repository/mypage.go:40.16,42.3 1 0
github.com/Kyouheip/MathOvercome_serverless/internal/repository/mypage.go:44.2,46.41 2 0
github.com/Kyouheip/MathOvercome_serverless/internal/repository/mypage.go:46.41,48.68 2 0
github.com/Kyouheip/MathOvercome_serverless/internal/repository/mypage.go:48.68,50.4 1 0
github.com/Kyouheip/MathOvercome_serverless/internal/repository/mypage.go:51.3,54.17 3 0
github.com/Kyouheip/MathOvercome_serverless/internal/repository/mypage.go:54.17,56.4 1 0
github.com/Kyouheip/MathOvercome_serverless/internal/repository/mypage.go:58.3,58.27 1 0
github.com/Kyouheip/MathOvercome_serverless/internal/repository/mypage.go:58.27,60.28 2 0
github.com/Kyouheip/MathOvercome_serverless/internal/repository/mypage.go:60.28,62.5 1 0
github.com/Kyouheip/MathOvercome_serverless/internal/repository/mypage.go:63.4,68.6 1 0
github.com/Kyouheip/MathOvercome_serverless/internal/repository/mypage.go:72.2,72.18 1 0
github.com/Kyouheip/MathOvercome_serverless/internal/repository/mypage.go:76.82,78.16 2 0
github.com/Kyouheip/MathOvercome_serverless/internal/repository/mypage.go:78.16,80.3 1 0
github.com/Kyouheip/MathOvercome_serverless/internal/repository/mypage.go:82.2,85.26 3 0
github.com/Kyouheip/MathOvercome_serverless/internal/repository/mypage.go:85.26,86.55 1 0
github.com/Kyouheip/MathOvercome_serverless/internal/repository/mypage.go:86.55,89.4 2 0
github.com/Kyouheip/MathOvercome_serverless/internal/repository/mypage.go:90.3,91.45 2 0
github.com/Kyouheip/MathOvercome_serverless/internal/repository/mypage.go:91.45,93.4 1 0
github.com/Kyouheip/MathOvercome_serverless/internal/repository/mypage.go:96.2,97.29 2 0
github.com/Kyouheip/MathOvercome_serverless/internal/repository/mypage.go:97.29,99.3 1 0
github.com/Kyouheip/MathOvercome_serverless/internal/repository/mypage.go:100.2,100.20 1 0
github.com/Kyouheip/MathOvercome_serverless/internal/repository/mypage.go:104.76,106.16 2 0
github.com/Kyouheip/MathOvercome_serverless/internal/repository/mypage.go:106.16,108.3 1 0
github.com/Kyouheip/MathOvercome_serverless/internal/repository/mypage.go:110.2,117.26 4 0
github.com/Kyouheip/MathOvercome_serverless/internal/repository/mypage.go:117.26,118.55 1 0
github.com/Kyouheip/MathOvercome_serverless/internal/repository/mypage.go:118.55,121.4 2 0
github.com/Kyouheip/MathOvercome_serverless/internal/repository/mypage.go:122.3,123.45 2 0
github.com/Kyouheip/MathOvercome_serverless/internal/repository/mypage.go:123.45,125.4 1 0
github.com/Kyouheip/MathOvercome_serverless/internal/repository/mypage.go:128.2,133.29 3 0
github.com/Kyouheip/MathOvercome_serverless/internal/repository/mypage.go:133.29,135.20 2 0
github.com/Kyouheip/MathOvercome_serverless/internal/repository/mypage.go:135.20,136.12 1 0
github.com/Kyouheip/MathOvercome_serverless/internal/repository/mypage.go:138.3,139.17 2 0
github.com/Kyouheip/MathOvercome_serverless/internal/repository/mypage.go:139.17,141.4 1 0
github.com/Kyouheip/MathOvercome_serverless/internal/repository/mypage.go:144.2,144.40 1 0
github.com/Kyouheip/MathOvercome_serverless/internal/repository/mypage.go:144.40,146.3 1 0
github.com/Kyouheip/MathOvercome_serverless/internal/repository/mypage.go:148.2,149.43 2 0
github.com/Kyouheip/MathOvercome_serverless/internal/repository/mypage.go:149.43,151.3 1 0
github.com/Kyouheip/MathOvercome_serverless/internal/repository/mypage.go:152.2,152.19 1 0
github.com/Kyouheip/MathOvercome_serverless/internal/repository/problem.go:26.112,29.36 2 0
github.com/Kyouheip/MathOvercome_serverless/internal/repository/problem.go:29.36,38.17 2 0
github.com/Kyouheip/MathOvercome_serverless/internal/repository/problem.go:38.17,40.4 1 0
github.com/Kyouheip/MathOvercome_serverless/internal/repository/problem.go:42.3,43.34 2 0
github.com/Kyouheip/MathOvercome_serverless/internal/repository/problem.go:43.34,45.65 2 0
github.com/Kyouheip/MathOvercome_serverless/internal/repository/problem.go:45.65,47.5 1 0
github.com/Kyouheip/MathOvercome_serverless/internal/repository/problem.go:48.4,53.6 1 0
github.com/Kyouheip/MathOvercome_serverless/internal/repository/problem.go:56.3,56.46 1 0
github.com/Kyouheip/MathOvercome_serverless/internal/repository/problem.go:56.46,58.4 1 0
github.com/Kyouheip/MathOvercome_serverless/internal/repository/problem.go:60.3,61.27 2 0
github.com/Kyouheip/MathOvercome_serverless/internal/repository/problem.go:61.27,63.4 1 0
github.com/Kyouheip/MathOvercome_serverless/internal/repository/problem.go:64.3,64.46 1 0
github.com/Kyouheip/MathOvercome_serverless/internal/repository/problem.go:67.2,67.20 1 0
github.com/Kyouheip/MathOvercome_serverless/internal/repository/repository.go:10.25,11.47 1 0
github.com/Kyouheip/MathOvercome_serverless/internal/repository/repository.go:11.47,13.3 1 0
github.com/Kyouheip/MathOvercome_serverless/internal/repository/repository.go:14.2,14.23 1 0
github.com/Kyouheip/MathOvercome_serverless/internal/repository/repository.go:21.57,23.2 1 0
github.com/Kyouheip/MathOvercome_serverless/internal/repository/repository.go:25.27,27.2 1 0
github.com/Kyouheip/MathOvercome_serverless/internal/repository/session_problem.go:30.81,39.16 2 0
github.com/Kyouheip/MathOvercome_serverless/internal/repository/session_problem.go:39.16,41.3 1 0
github.com/Kyouheip/MathOvercome_serverless/internal/repository/session_problem.go:43.2,44.33 2 0
github.com/Kyouheip/MathOvercome_serverless/internal/repository/session_problem.go:44.33,46.65 2 0
github.com/Kyouheip/MathOvercome_serverless/internal/repository/session_problem.go:46.65,48.4 1 0
github.com/Kyouheip/MathOvercome_serverless/internal/repository/session_problem.go:49.3,49.25 1 0
github.com/Kyouheip/MathOvercome_serverless/internal/repository/session_problem.go:51.2,51.38 1 0
github.com/Kyouheip/MathOvercome_serverless/internal/repository/session_problem.go:51.38,53.3 1 0
github.com/Kyouheip/MathOvercome_serverless/internal/repository/session_problem.go:54.2,54.17 1 0
github.com/Kyouheip/MathOvercome_serverless/internal/repository/session_problem.go:58.104,66.16 2 0
github.com/Kyouheip/MathOvercome_serverless/internal/repository/session_problem.go:66.16,68.3 1 0
github.com/Kyouheip/MathOvercome_serverless/internal/repository/session_problem.go:70.2,73.33 3 0
github.com/Kyouheip/MathOvercome_serverless/internal/repository/session_problem.go:73.33,77.70 2 0
github.com/Kyouheip/MathOvercome_serverless/internal/repository/session_problem.go:77.70,79.4 1 0
github.com/Kyouheip/MathOvercome_serverless/internal/repository/session_problem.go:81.3,81.10 1 0
github.com/Kyouheip/MathOvercome_serverless/internal/repository/session_problem.go:82.35,84.65 2 0
github.com/Kyouheip/MathOvercome_serverless/internal/repository/session_problem.go:84.65,86.5 1 0
github.com/Kyouheip/MathOvercome_serverless/internal/repository/session_problem.go:87.4,92.5 1 0
github.com/Kyouheip/MathOvercome_serverless/internal/repository/session_problem.go:93.50,95.65 2 0
github.com/Kyouheip/MathOvercome_serverless/internal/repository/session_problem.go:95.65,97.5 1 0
github.com/Kyouheip/MathOvercome_serverless/internal/repository/session_problem.go:98.4,103.6 1 0
github.com/Kyouheip/MathOvercome_serverless/internal/repository/session_problem.go:107.2,107.20 1 0
github.com/Kyouheip/MathOvercome_serverless/internal/repository/session_problem.go:107.20,109.3 1 0
github.com/Kyouheip/MathOvercome_serverless/internal/repository/session_problem.go:110.2,110.30 1 0
github.com/Kyouheip/MathOvercome_serverless/internal/repository/session_problem.go:113.51,123.2 1 0
github.com/Kyouheip/MathOvercome_serverless/internal/repository/session_problem.go:125.104,127.16 2 0
github.com/Kyouheip/MathOvercome_serverless/internal/repository/session_problem.go:127.16,129.3 1 0
github.com/Kyouheip/MathOvercome_serverless/internal/repository/session_problem.go:130.2,130.32 1 0
github.com/Kyouheip/MathOvercome_serverless/internal/repository/session_problem.go:130.32,132.3 1 0
github.com/Kyouheip/MathOvercome_serverless/internal/repository/session_problem.go:134.2,137.16 3 0
github.com/Kyouheip/MathOvercome_serverless/internal/repository/session_problem.go:137.16,139.3 1 0
github.com/Kyouheip/MathOvercome_serverless/internal/repository/session_problem.go:140.2,143.17 3 0
github.com/Kyouheip/MathOvercome_serverless/internal/repository/session_problem.go:146.76,156.16 2 0
github.com/Kyouheip/MathOvercome_serverless/internal/repository/session_problem.go:156.16,158.3 1 0
github.com/Kyouheip/MathOvercome_serverless/internal/repository/session_problem.go:159.2,159.30 1 0
github.com/Kyouheip/MathOvercome_serverless/internal/repository/session_problem.go:162.103,164.16 2 0
github.com/Kyouheip/MathOvercome_serverless/internal/repository/session_problem.go:164.16,166.3 1 0
github.com/Kyouheip/MathOvercome_serverless/internal/repository/session_problem.go:167.2,168.26 2 0
github.com/Kyouheip/MathOvercome_serverless/internal/repository/session_problem.go:168.26,170.3 1 0
github.com/Kyouheip/MathOvercome_serverless/internal/repository/session_problem.go:171.2,171.20 1 0
github.com/Kyouheip/MathOvercome_serverless/internal/repository/session_problem.go:174.73,187.16 3 0
github.com/Kyouheip/MathOvercome_serverless/internal/repository/session_problem.go:187.16,189.3 1 0
github.com/Kyouheip/MathOvercome_serverless/internal/repository/session_problem.go:190.2,194.12 2 0
github.com/Kyouheip/MathOvercome_serverless/internal/repository/session_problem.go:197.76,198.19 1 0
github.com/Kyouheip/MathOvercome_serverless/internal/repository/session_problem.go:198.19,200.3 1 0
github.com/Kyouheip/MathOvercome_serverless/internal/repository/session_problem.go:203.2,205.21 3 0
github.com/Kyouheip/MathOvercome_serverless/internal/repository/session_problem.go:205.21,218.17 4 0
github.com/Kyouheip/MathOvercome_serverless/internal/repository/session_problem.go:218.17,220.4 1 0
github.com/Kyouheip/MathOvercome_serverless/internal/repository/session_problem.go:221.3,221.78 1 0
github.com/Kyouheip/MathOvercome_serverless/internal/repository/session_problem.go:225.2,225.41 1 0
github.com/Kyouheip/MathOvercome_serverless/internal/repository/session_problem.go:225.41,227.26 2 0
github.com/Kyouheip/MathOvercome_serverless/internal/repository/session_problem.go:227.26,229.4 1 0
github.com/Kyouheip/MathOvercome_serverless/internal/repository/session_problem.go:230.3,235.17 2 0
github.com/Kyouheip/MathOvercome_serverless/internal/repository/session_problem.go:235.17,237.4 1 0
github.com/Kyouheip/MathOvercome_serverless/internal/repository/session_problem.go:239.2,239.12 1 0
github.com/Kyouheip/MathOvercome_serverless/internal/repository/test_session.go:27.84,35.16 2 0
github.com/Kyouheip/MathOvercome_serverless/internal/repository/test_session.go:35.16,37.3 1 0
github.com/Kyouheip/MathOvercome_serverless/internal/repository/test_session.go:38.2,38.21 1 0
github.com/Kyouheip/MathOvercome_serverless/internal/repository/test_session.go:38.21,40.3 1 0
github.com/Kyouheip/MathOvercome_serverless/internal/repository/test_session.go:41.2,42.67 2 0
github.com/Kyouheip/MathOvercome_serverless/internal/repository/test_session.go:42.67,44.3 1 0
github.com/Kyouheip/MathOvercome_serverless/internal/repository/test_session.go:45.2,48.8 1 0
github.com/Kyouheip/MathOvercome_serverless/internal/repository/test_session.go:51.72,66.16 5 0
github.com/Kyouheip/MathOvercome_serverless/internal/repository/test_session.go:66.16,68.3 1 0
github.com/Kyouheip/MathOvercome_serverless/internal/repository/test_session.go:69.2,73.12 2 0
github.com/Kyouheip/MathOvercome_serverless/internal/handler/session_handler.go:21.99,23.2 1 1
github.com/Kyouheip/MathOvercome_serverless/internal/handler/session_handler.go:26.57,28.19 2 1
github.com/Kyouheip/MathOvercome_serverless/internal/handler/session_handler.go:28.19,31.3 2 1
github.com/Kyouheip/MathOvercome_serverless/internal/handler/session_handler.go:33.2,36.16 3 1
github.com/Kyouheip/MathOvercome_serverless/internal/handler/session_handler.go:36.16,39.3 2 1
github.com/Kyouheip/MathOvercome_serverless/internal/handler/session_handler.go:41.2,41.85 1 1
github.com/Kyouheip/MathOvercome_serverless/internal/handler/session_handler.go:45.57,47.19 2 1
github.com/Kyouheip/MathOvercome_serverless/internal/handler/session_handler.go:47.19,50.3 2 1
github.com/Kyouheip/MathOvercome_serverless/internal/handler/session_handler.go:52.2,53.9 2 1
github.com/Kyouheip/MathOvercome_serverless/internal/handler/session_handler.go:53.9,56.3 2 1
github.com/Kyouheip/MathOvercome_serverless/internal/handler/session_handler.go:58.2,61.16 3 1
github.com/Kyouheip/MathOvercome_serverless/internal/handler/session_handler.go:61.16,62.10 1 1
github.com/Kyouheip/MathOvercome_serverless/internal/handler/session_handler.go:63.44,64.34 1 0
github.com/Kyouheip/MathOvercome_serverless/internal/handler/session_handler.go:65.45,66.35 1 1
github.com/Kyouheip/MathOvercome_serverless/internal/handler/session_handler.go:67.43,68.33 1 0
github.com/Kyouheip/MathOvercome_serverless/internal/handler/session_handler.go:69.11,70.44 1 0
github.com/Kyouheip/MathOvercome_serverless/internal/handler/session_handler.go:72.3,72.9 1 1
github.com/Kyouheip/MathOvercome_serverless/internal/handler/session_handler.go:75.2,75.32 1 1
github.com/Kyouheip/MathOvercome_serverless/internal/handler/session_handler.go:79.55,81.19 2 1
github.com/Kyouheip/MathOvercome_serverless/internal/handler/session_handler.go:81.19,84.3 2 1
github.com/Kyouheip/MathOvercome_serverless/internal/handler/session_handler.go:86.2,87.9 2 1
github.com/Kyouheip/MathOvercome_serverless/internal/handler/session_handler.go:87.9,90.3 2 0
github.com/Kyouheip/MathOvercome_serverless/internal/handler/session_handler.go:92.2,95.47 3 1
github.com/Kyouheip/MathOvercome_serverless/internal/handler/session_handler.go:95.47,98.3 2 0
github.com/Kyouheip/MathOvercome_serverless/internal/handler/session_handler.go:100.2,100.102 1 1
github.com/Kyouheip/MathOvercome_serverless/internal/handler/session_handler.go:100.102,101.10 1 1
github.com/Kyouheip/MathOvercome_serverless/internal/handler/session_handler.go:102.44,103.34 1 0
github.com/Kyouheip/MathOvercome_serverless/internal/handler/session_handler.go:104.81,105.35 1 1
github.com/Kyouheip/MathOvercome_serverless/internal/handler/session_handler.go:106.11,107.44 1 0
github.com/Kyouheip/MathOvercome_serverless/internal/handler/session_handler.go:109.3,109.9 1 1
github.com/Kyouheip/MathOvercome_serverless/internal/handler/session_handler.go:112.2,112.32 1 1
github.com/Kyouheip/MathOvercome_serverless/internal/handler/session_handler.go:116.52,118.19 2 1
github.com/Kyouheip/MathOvercome_serverless/internal/handler/session_handler.go:118.19,121.3 2 1
github.com/Kyouheip/MathOvercome_serverless/internal/handler/session_handler.go:123.2,129.16 3 1
github.com/Kyouheip/MathOvercome_serverless/internal/handler/session_handler.go:129.16,132.3 2 1
github.com/Kyouheip/MathOvercome_serverless/internal/handler/session_handler.go:134.2,134.31 1 1
github.com/Kyouheip/MathOvercome_serverless/internal/handler/session_handler.go:137.59,139.13 2 1
github.com/Kyouheip/MathOvercome_serverless/internal/handler/session_handler.go:139.13,141.3 1 1
github.com/Kyouheip/MathOvercome_serverless/internal/handler/session_handler.go:142.2,143.16 2 1
github.com/Kyouheip/MathOvercome_serverless/internal/handler/session_handler.go:143.16,145.3 1 0
github.com/Kyouheip/MathOvercome_serverless/internal/handler/session_handler.go:146.2,146.17 1 1
